Arguments: 
  C:\Program Files\nodejs\node.exe C:\Users\ThinkKING\AppData\Roaming\npm\node_modules\yarn\bin\yarn.js start

PATH: 
  C:\Python27\;C:\Python27\Scripts;C:\WINDOWS\system32;C:\WINDOWS;C:\WINDOWS\System32\Wbem;C:\WINDOWS\System32\WindowsPowerShell\v1.0\;C:\WINDOWS\System32\OpenSSH\;C:\Program Files\Git\cmd;C:\MinGW\bin;C:\Program Files\nodejs\;C:\ProgramData\chocolatey\bin;C:\Program Files\Java\jdk-12\bin;C:\Users\ThinkKING\Anaconda3;C:\Users\ThinkKING\Anaconda3\Library\mingw-w64\bin;C:\Users\ThinkKING\Anaconda3\Library\usr\bin;C:\Users\ThinkKING\Anaconda3\Library\bin;C:\Users\ThinkKING\Anaconda3\Scripts;C:\Users\ThinkKING\AppData\Local\Microsoft\WindowsApps;C:\Users\ThinkKING\AppData\Local\Programs\Microsoft VS Code\bin;C:\Users\ThinkKING\AppData\Roaming\npm;

Yarn version: 
  1.19.1

Node version: 
  12.8.0

Platform: 
  win32 x64

Trace: 
  SyntaxError: D:\projext web 28\Manga_web\package.json: Unexpected token < in JSON at position 164
      at JSON.parse (<anonymous>)
      at C:\Users\ThinkKING\AppData\Roaming\npm\node_modules\yarn\lib\cli.js:1625:59
      at Generator.next (<anonymous>)
      at step (C:\Users\ThinkKING\AppData\Roaming\npm\node_modules\yarn\lib\cli.js:304:30)
      at C:\Users\ThinkKING\AppData\Roaming\npm\node_modules\yarn\lib\cli.js:315:13

npm manifest: 
  {
    "name": "manga_web",
    "version": "1.0.0",
    "description": "",
    "main": "index.js",
    "scripts": {
      "test": "echo \"Error: no test specified\" && exit 1",
  <<<<<<< HEAD
      "start":"node ./server/app.js"
  =======
      "start": "node app.js"
  >>>>>>> 989873a92e145101ae22fdb96e0178e3163c9cdc
    },
    "author": "",
    "license": "ISC",
    "dependencies": {
      "express": "^4.17.1",
      "mongoose": "^5.7.4",
      "nodemon": "^1.19.3"
    }
  }

yarn manifest: 
  No manifest

Lockfile: 
  No lockfile
